[]
[2026-02-13T09:23:42Z] phase=0 action=prd-drafted result=success description="PRD created for UserAuth Basic App with 4 user stories: registration, login, profile, logout"
[2026-02-13T09:26:51Z] phase=0 action=prd-updated result=success description="Added basic RBAC (user/admin roles), admin dashboard US, navigation awareness US, /api/admin/users endpoint"
[2026-02-13T09:28:03Z] phase=0 action=human-gate result=approved description="PRD approved by human"
[2026-02-13T09:28:03Z] phase=1 action=phase-start result=success description="Beginning FRD breakdown from approved PRD"
[2026-02-13T09:30:00Z] phase=1 action=frd-generation result=success description="All 3 FRDs created: frd-auth.md, frd-profile.md, frd-rbac.md"
[2026-02-13T09:32:13Z] phase=1 action=human-gate result=approved description="FRDs approved. Future consideration noted: Entra SSO."
[2026-02-13T09:32:13Z] phase=2 action=phase-start result=success description="Beginning Gherkin generation from 3 FRDs"
[2026-02-13T09:34:00Z] phase=2 action=gherkin-generation result=success description="All 3 .feature files generated: auth.feature (238 lines, ~20 scenarios), profile.feature (176 lines, ~19 scenarios), rbac.feature (120 lines, ~12 scenarios)"
[2026-02-13T09:35:30Z] phase=2 action=human-gate result=approved description="Gherkin scenarios approved"
[2026-02-13T09:35:30Z] phase=3 action=phase-start result=success description="Beginning test scaffolding generation"
[2026-02-13T09:42:00Z] phase=3 action=test-generation result=success description="Red baseline established: 6 API unit test files (26 failing, 5 passing existing), 3 cucumber step def files (56 scenarios, 327 steps, 0 undefined), 5 playwright e2e specs (23 tests)"
[2026-02-13T09:48:19Z] phase=4 action=phase-start result=success description="Beginning implementation phase"
[2026-02-13T10:46:00Z] phase=4 action=implementation result=success description="All tests green: 31 API unit tests pass, 23 Playwright e2e tests pass. Backend: user store, auth middleware, auth routes, admin routes. Frontend: NavBar, landing, login, register, profile, admin pages."
[2026-02-13T10:51:00Z] phase=4 action=human-gate result=approved
[2026-02-13T10:51:00Z] phase=5 action=phase-start result=beginning-deployment
[2026-02-28T11:40:00Z] phase=0 action=reset result=success description="Repository reset to clean shell template for OmasApp — family story preservation app"
[2026-02-28T11:40:00Z] phase=0 action=prd-rewritten result=success description="PRD rewritten for OmasApp: 7 user stories (US-10 to US-16), voice-first family story preservation"
[2026-02-28T11:40:00Z] phase=0 action=scaffolding-verified result=success description="Shell structure verified: 20/22 items present, created missing specs/ui/ and specs/contracts/ directories"
[2026-02-28T12:00:00Z] phase=0 action=human-gate result=approved description="Phase 0 approved by human"
[2026-02-28T12:00:00Z] phase=1a action=phase-start result=success description="Beginning spec refinement — PRD review and FRD generation for OmasApp"
[2026-02-28T12:05:00Z] phase=1a action=prd-review result=success description="PRD reviewed: added personas, error states, accessibility, edge cases, token budget management"
[2026-02-28T12:05:00Z] phase=1a action=frd-generation result=success description="3 FRDs created: frd-stories.md (sessions, transcripts, AI orchestration), frd-voice.md (STT/TTS, state machine, accessibility), frd-knowledge.md (entity extraction, gap detection, knowledge queries)"
[2026-02-28T12:05:00Z] phase=1a action=cleanup result=success description="Removed old FRDs (auth, profile, rbac) and feature files"
[2026-02-28T12:14:00Z] phase=1a action=human-gate result=approved description="3 FRDs approved by human"
[2026-02-28T12:14:00Z] phase=1b action=phase-start result=success description="Beginning UI/UX design — prototypes, screen map, design system"
